<?xml version="1.0" encoding="UTF-8"?>
<robot generator="Robot 6.1.1 (Python 3.11.5 on win32)" generated="20230922 00:10:20.994" rpa="false" schemaversion="4">
<suite id="s1" name="Amazon Testes" source="C:\Users\vitor\OneDrive\Documentos\Curso Udemy\RobotFramework\WebTesting\amazon_testes.robot">
<test id="s1-t1" name="Caso de Teste 01 - Acesso ao menu &quot;Eletrônicos&quot;" line="9">
<kw name="Abrir o navegador" library="amazon_resources" type="SETUP">
<kw name="Open Browser" library="SeleniumLibrary">
<arg>browser=chrome</arg>
<doc>Opens a new browser instance to the optional ``url``.</doc>
<msg timestamp="20230922 00:10:21.287" level="INFO">Opening browser 'chrome' to base url 'None'.</msg>
<status status="PASS" starttime="20230922 00:10:21.287" endtime="20230922 00:10:23.140"/>
</kw>
<kw name="Maximize Browser Window" library="SeleniumLibrary">
<doc>Maximizes current browser window.</doc>
<status status="PASS" starttime="20230922 00:10:23.140" endtime="20230922 00:10:23.374"/>
</kw>
<status status="PASS" starttime="20230922 00:10:21.286" endtime="20230922 00:10:23.374"/>
</kw>
<kw name="Acessar a home page do site Amazon.com.br" library="amazon_resources">
<kw name="Go To" library="SeleniumLibrary">
<arg>url=${Url}</arg>
<doc>Navigates the current browser window to the provided ``url``.</doc>
<msg timestamp="20230922 00:10:23.388" level="INFO">Opening url 'http://www.amazon.com.br'</msg>
<status status="PASS" starttime="20230922 00:10:23.388" endtime="20230922 00:10:25.407"/>
</kw>
<kw name="Wait Until Element Is Visible" library="SeleniumLibrary">
<arg>locator=${Menu_Eletronicos}</arg>
<doc>Waits until the element ``locator`` is visible.</doc>
<status status="PASS" starttime="20230922 00:10:25.407" endtime="20230922 00:10:25.537"/>
</kw>
<kw name="Sleep" library="BuiltIn">
<arg>5</arg>
<doc>Pauses the test executed for the given time.</doc>
<msg timestamp="20230922 00:10:30.539" level="INFO">Slept 5 seconds</msg>
<status status="PASS" starttime="20230922 00:10:25.537" endtime="20230922 00:10:30.539"/>
</kw>
<status status="PASS" starttime="20230922 00:10:23.386" endtime="20230922 00:10:30.540"/>
</kw>
<kw name="Entrar no menu &quot;Eletrônicos&quot;" library="amazon_resources">
<kw name="Click Element" library="SeleniumLibrary">
<arg>locator=${Menu_Eletronicos}</arg>
<doc>Click the element identified by ``locator``.</doc>
<msg timestamp="20230922 00:10:30.542" level="INFO">Clicking element '//a[@href='/Eletronicos-e-Tecnologia/b/?ie=UTF8&amp;node=16209062011&amp;ref_=nav_cs_electronics'][contains(.,'Eletrônicos')]'.</msg>
<status status="PASS" starttime="20230922 00:10:30.541" endtime="20230922 00:10:33.033"/>
</kw>
<kw name="Sleep" library="BuiltIn">
<arg>5</arg>
<doc>Pauses the test executed for the given time.</doc>
<msg timestamp="20230922 00:10:38.034" level="INFO">Slept 5 seconds</msg>
<status status="PASS" starttime="20230922 00:10:33.034" endtime="20230922 00:10:38.034"/>
</kw>
<status status="PASS" starttime="20230922 00:10:30.541" endtime="20230922 00:10:38.034"/>
</kw>
<kw name="Verificar se aparece a frase &quot;Eletrônicos e Tecnologia&quot;" library="amazon_resources">
<kw name="Wait Until Page Contains" library="SeleniumLibrary">
<arg>text=${Texto_Header_Eletronicos}</arg>
<doc>Waits until ``text`` appears on the current page.</doc>
<status status="PASS" starttime="20230922 00:10:38.036" endtime="20230922 00:10:38.146"/>
</kw>
<kw name="Sleep" library="BuiltIn">
<arg>5</arg>
<doc>Pauses the test executed for the given time.</doc>
<msg timestamp="20230922 00:10:43.146" level="INFO">Slept 5 seconds</msg>
<status status="PASS" starttime="20230922 00:10:38.146" endtime="20230922 00:10:43.147"/>
</kw>
<status status="PASS" starttime="20230922 00:10:38.035" endtime="20230922 00:10:43.147"/>
</kw>
<kw name="Verificar se o título da página fica &quot;Eletrônicos e Tecnologia | Amazon.com.br&quot;" library="amazon_resources" sourcename="Verificar se o título da página fica &quot;${TITULO}&quot;">
<kw name="Title Should Be" library="SeleniumLibrary">
<arg>title=${TITULO}</arg>
<doc>Verifies that the current page title equals ``title``.</doc>
<msg timestamp="20230922 00:10:43.158" level="INFO">Page title is 'Eletrônicos e Tecnologia | Amazon.com.br'.</msg>
<status status="PASS" starttime="20230922 00:10:43.148" endtime="20230922 00:10:43.158"/>
</kw>
<kw name="Sleep" library="BuiltIn">
<arg>5</arg>
<doc>Pauses the test executed for the given time.</doc>
<msg timestamp="20230922 00:10:48.159" level="INFO">Slept 5 seconds</msg>
<status status="PASS" starttime="20230922 00:10:43.158" endtime="20230922 00:10:48.159"/>
</kw>
<status status="PASS" starttime="20230922 00:10:43.148" endtime="20230922 00:10:48.159"/>
</kw>
<kw name="Verificar se aparece a categoria &quot;Computadores e Informática&quot;" library="amazon_resources" sourcename="Verificar se aparece a categoria &quot;${Nome_Categoria}&quot;">
<kw name="Element Should Be Visible" library="SeleniumLibrary">
<arg>locator=//a[@aria-label='${Nome_Categoria}']</arg>
<doc>Verifies that the element identified by ``locator`` is visible.</doc>
<msg timestamp="20230922 00:10:48.205" level="INFO">Element '//a[@aria-label='Computadores e Informática']' is displayed.</msg>
<status status="PASS" starttime="20230922 00:10:48.159" endtime="20230922 00:10:48.205"/>
</kw>
<kw name="Sleep" library="BuiltIn">
<arg>5</arg>
<doc>Pauses the test executed for the given time.</doc>
<msg timestamp="20230922 00:10:53.205" level="INFO">Slept 5 seconds</msg>
<status status="PASS" starttime="20230922 00:10:48.205" endtime="20230922 00:10:53.205"/>
</kw>
<status status="PASS" starttime="20230922 00:10:48.159" endtime="20230922 00:10:53.205"/>
</kw>
<kw name="Fechar o navegador" library="amazon_resources" type="TEARDOWN">
<kw name="Capture Page Screenshot" library="SeleniumLibrary">
<doc>Takes a screenshot of the current page and embeds it into a log file.</doc>
<msg timestamp="20230922 00:10:53.425" level="INFO" html="true">&lt;/td&gt;&lt;/tr&gt;&lt;tr&gt;&lt;td colspan="3"&gt;&lt;a href="selenium-screenshot-26.png"&gt;&lt;img src="selenium-screenshot-26.png" width="800px"&gt;&lt;/a&gt;</msg>
<status status="PASS" starttime="20230922 00:10:53.205" endtime="20230922 00:10:53.425"/>
</kw>
<kw name="Close Browser" library="SeleniumLibrary">
<doc>Closes the current browser.</doc>
<status status="PASS" starttime="20230922 00:10:53.425" endtime="20230922 00:10:55.653"/>
</kw>
<status status="PASS" starttime="20230922 00:10:53.205" endtime="20230922 00:10:55.653"/>
</kw>
<doc>Esse teste verifica o menu eletrônicos do site da Amazon.com.br
e verifica a categoria Computadores e Informática</doc>
<tag>categorias</tag>
<tag>menus</tag>
<status status="PASS" starttime="20230922 00:10:21.284" endtime="20230922 00:10:55.653"/>
</test>
<test id="s1-t2" name=" Caso de Teste 02 - Pesquisa de um Produto" line="18">
<kw name="Abrir o navegador" library="amazon_resources" type="SETUP">
<kw name="Open Browser" library="SeleniumLibrary">
<arg>browser=chrome</arg>
<doc>Opens a new browser instance to the optional ``url``.</doc>
<msg timestamp="20230922 00:10:55.653" level="INFO">Opening browser 'chrome' to base url 'None'.</msg>
<status status="PASS" starttime="20230922 00:10:55.653" endtime="20230922 00:10:57.502"/>
</kw>
<kw name="Maximize Browser Window" library="SeleniumLibrary">
<doc>Maximizes current browser window.</doc>
<status status="PASS" starttime="20230922 00:10:57.502" endtime="20230922 00:10:57.654"/>
</kw>
<status status="PASS" starttime="20230922 00:10:55.653" endtime="20230922 00:10:57.664"/>
</kw>
<kw name="Acessar a home page do site Amazon.com.br" library="amazon_resources">
<kw name="Go To" library="SeleniumLibrary">
<arg>url=${Url}</arg>
<doc>Navigates the current browser window to the provided ``url``.</doc>
<msg timestamp="20230922 00:10:57.679" level="INFO">Opening url 'http://www.amazon.com.br'</msg>
<status status="PASS" starttime="20230922 00:10:57.678" endtime="20230922 00:11:00.485"/>
</kw>
<kw name="Wait Until Element Is Visible" library="SeleniumLibrary">
<arg>locator=${Menu_Eletronicos}</arg>
<doc>Waits until the element ``locator`` is visible.</doc>
<status status="PASS" starttime="20230922 00:11:00.485" endtime="20230922 00:11:00.586"/>
</kw>
<kw name="Sleep" library="BuiltIn">
<arg>5</arg>
<doc>Pauses the test executed for the given time.</doc>
<msg timestamp="20230922 00:11:05.587" level="INFO">Slept 5 seconds</msg>
<status status="PASS" starttime="20230922 00:11:00.586" endtime="20230922 00:11:05.587"/>
</kw>
<status status="PASS" starttime="20230922 00:10:57.677" endtime="20230922 00:11:05.588"/>
</kw>
<kw name="Digitar o nome de produto &quot;Xbox Series S&quot; no campo de pesquisa" library="amazon_resources">
<kw name="Input Text" library="SeleniumLibrary">
<arg>locator=twotabsearchtextbox</arg>
<arg>text=Xbox Series S</arg>
<doc>Types the given ``text`` into the text field identified by ``locator``.</doc>
<msg timestamp="20230922 00:11:05.591" level="INFO">Typing text 'Xbox Series S' into text field 'twotabsearchtextbox'.</msg>
<status status="PASS" starttime="20230922 00:11:05.590" endtime="20230922 00:11:05.866"/>
</kw>
<kw name="Sleep" library="BuiltIn">
<arg>5</arg>
<doc>Pauses the test executed for the given time.</doc>
<msg timestamp="20230922 00:11:10.866" level="INFO">Slept 5 seconds</msg>
<status status="PASS" starttime="20230922 00:11:05.866" endtime="20230922 00:11:10.866"/>
</kw>
<status status="PASS" starttime="20230922 00:11:05.589" endtime="20230922 00:11:10.866"/>
</kw>
<kw name="Clicar no botão de pesquisa" library="amazon_resources">
<kw name="Click Element" library="SeleniumLibrary">
<arg>locator=nav-search-submit-button</arg>
<doc>Click the element identified by ``locator``.</doc>
<msg timestamp="20230922 00:11:10.870" level="INFO">Clicking element 'nav-search-submit-button'.</msg>
<status status="PASS" starttime="20230922 00:11:10.868" endtime="20230922 00:11:12.921"/>
</kw>
<kw name="Sleep" library="BuiltIn">
<arg>5</arg>
<doc>Pauses the test executed for the given time.</doc>
<msg timestamp="20230922 00:11:17.921" level="INFO">Slept 5 seconds</msg>
<status status="PASS" starttime="20230922 00:11:12.921" endtime="20230922 00:11:17.921"/>
</kw>
<status status="PASS" starttime="20230922 00:11:10.868" endtime="20230922 00:11:17.921"/>
</kw>
<kw name="Verificar o resultado da pesquisa se está listando o produto &quot;Console Xbox Series S&quot;" library="amazon_resources">
<kw name="Wait Until Element Is Visible" library="SeleniumLibrary">
<arg>locator=(//span[contains(.,'Console Xbox Series S')])[2]</arg>
<doc>Waits until the element ``locator`` is visible.</doc>
<status status="PASS" starttime="20230922 00:11:17.921" endtime="20230922 00:11:17.971"/>
</kw>
<status status="PASS" starttime="20230922 00:11:17.921" endtime="20230922 00:11:17.971"/>
</kw>
<kw name="Fechar o navegador" library="amazon_resources" type="TEARDOWN">
<kw name="Capture Page Screenshot" library="SeleniumLibrary">
<doc>Takes a screenshot of the current page and embeds it into a log file.</doc>
<msg timestamp="20230922 00:11:18.209" level="INFO" html="true">&lt;/td&gt;&lt;/tr&gt;&lt;tr&gt;&lt;td colspan="3"&gt;&lt;a href="selenium-screenshot-27.png"&gt;&lt;img src="selenium-screenshot-27.png" width="800px"&gt;&lt;/a&gt;</msg>
<status status="PASS" starttime="20230922 00:11:17.971" endtime="20230922 00:11:18.209"/>
</kw>
<kw name="Close Browser" library="SeleniumLibrary">
<doc>Closes the current browser.</doc>
<status status="PASS" starttime="20230922 00:11:18.209" endtime="20230922 00:11:20.592"/>
</kw>
<status status="PASS" starttime="20230922 00:11:17.971" endtime="20230922 00:11:20.592"/>
</kw>
<doc>Esse teste verifica a busca de um produto</doc>
<tag>busca_produtos</tag>
<tag>lista_busca</tag>
<status status="PASS" starttime="20230922 00:10:55.653" endtime="20230922 00:11:20.592"/>
</test>
<test id="s1-t3" name="Caso de Teste 03 - Adicionar Produto no Carrinho" line="26">
<kw name="Abrir o navegador" library="amazon_resources" type="SETUP">
<kw name="Open Browser" library="SeleniumLibrary">
<arg>browser=chrome</arg>
<doc>Opens a new browser instance to the optional ``url``.</doc>
<msg timestamp="20230922 00:11:20.592" level="INFO">Opening browser 'chrome' to base url 'None'.</msg>
<status status="PASS" starttime="20230922 00:11:20.592" endtime="20230922 00:11:22.327"/>
</kw>
<kw name="Maximize Browser Window" library="SeleniumLibrary">
<doc>Maximizes current browser window.</doc>
<status status="PASS" starttime="20230922 00:11:22.327" endtime="20230922 00:11:22.487"/>
</kw>
<status status="PASS" starttime="20230922 00:11:20.592" endtime="20230922 00:11:22.487"/>
</kw>
<kw name="Acessar a home page do site Amazon.com.br" library="amazon_resources">
<kw name="Go To" library="SeleniumLibrary">
<arg>url=${Url}</arg>
<doc>Navigates the current browser window to the provided ``url``.</doc>
<msg timestamp="20230922 00:11:22.496" level="INFO">Opening url 'http://www.amazon.com.br'</msg>
<status status="PASS" starttime="20230922 00:11:22.495" endtime="20230922 00:11:24.635"/>
</kw>
<kw name="Wait Until Element Is Visible" library="SeleniumLibrary">
<arg>locator=${Menu_Eletronicos}</arg>
<doc>Waits until the element ``locator`` is visible.</doc>
<status status="PASS" starttime="20230922 00:11:24.635" endtime="20230922 00:11:24.767"/>
</kw>
<kw name="Sleep" library="BuiltIn">
<arg>5</arg>
<doc>Pauses the test executed for the given time.</doc>
<msg timestamp="20230922 00:11:29.771" level="INFO">Slept 5 seconds</msg>
<status status="PASS" starttime="20230922 00:11:24.768" endtime="20230922 00:11:29.771"/>
</kw>
<status status="PASS" starttime="20230922 00:11:22.491" endtime="20230922 00:11:29.771"/>
</kw>
<kw name="Entrar no menu &quot;Login&quot;" library="amazon_resources">
<kw name="Click Element" library="SeleniumLibrary">
<arg>locator=//a[contains(@data-nav-ref,'nav_ya_signin')]</arg>
<doc>Click the element identified by ``locator``.</doc>
<msg timestamp="20230922 00:11:29.771" level="INFO">Clicking element '//a[contains(@data-nav-ref,'nav_ya_signin')]'.</msg>
<status status="PASS" starttime="20230922 00:11:29.771" endtime="20230922 00:11:30.591"/>
</kw>
<kw name="Sleep" library="BuiltIn">
<arg>5</arg>
<doc>Pauses the test executed for the given time.</doc>
<msg timestamp="20230922 00:11:35.593" level="INFO">Slept 5 seconds</msg>
<status status="PASS" starttime="20230922 00:11:30.591" endtime="20230922 00:11:35.593"/>
</kw>
<status status="PASS" starttime="20230922 00:11:29.771" endtime="20230922 00:11:35.593"/>
</kw>
<kw name="Digitar o e-mail no campo de login" library="amazon_resources">
<kw name="Input Text" library="SeleniumLibrary">
<arg>locator=//input[@type='email'][contains(@id,'email')]</arg>
<arg>text=vi.marketingdigital23@gmail.com</arg>
<doc>Types the given ``text`` into the text field identified by ``locator``.</doc>
<msg timestamp="20230922 00:11:35.593" level="INFO">Typing text 'vi.marketingdigital23@gmail.com' into text field '//input[@type='email'][contains(@id,'email')]'.</msg>
<status status="PASS" starttime="20230922 00:11:35.593" endtime="20230922 00:11:35.807"/>
</kw>
<kw name="Sleep" library="BuiltIn">
<arg>5</arg>
<doc>Pauses the test executed for the given time.</doc>
<msg timestamp="20230922 00:11:40.807" level="INFO">Slept 5 seconds</msg>
<status status="PASS" starttime="20230922 00:11:35.807" endtime="20230922 00:11:40.807"/>
</kw>
<status status="PASS" starttime="20230922 00:11:35.593" endtime="20230922 00:11:40.808"/>
</kw>
<kw name="Clicar no botão continuar" library="amazon_resources">
<kw name="Click Element" library="SeleniumLibrary">
<arg>locator=//input[contains(@tabindex,'5')]</arg>
<doc>Click the element identified by ``locator``.</doc>
<msg timestamp="20230922 00:11:40.808" level="INFO">Clicking element '//input[contains(@tabindex,'5')]'.</msg>
<status status="PASS" starttime="20230922 00:11:40.808" endtime="20230922 00:11:41.233"/>
</kw>
<status status="PASS" starttime="20230922 00:11:40.808" endtime="20230922 00:11:41.233"/>
</kw>
<kw name="Digitar a senha no campo de login" library="amazon_resources">
<kw name="Input Password" library="SeleniumLibrary">
<arg>locator=//input[@name='password']</arg>
<arg>password=123456</arg>
<doc>Types the given password into the text field identified by ``locator``.</doc>
<msg timestamp="20230922 00:11:41.235" level="INFO">Typing password into text field '//input[@name='password']'.</msg>
<msg timestamp="20230922 00:11:41.729" level="INFO">Temporally setting log level to: NONE</msg>
<msg timestamp="20230922 00:11:41.763" level="INFO">Log level changed from NONE to INFO.</msg>
<status status="PASS" starttime="20230922 00:11:41.234" endtime="20230922 00:11:41.763"/>
</kw>
<kw name="Sleep" library="BuiltIn">
<arg>5</arg>
<doc>Pauses the test executed for the given time.</doc>
<msg timestamp="20230922 00:11:46.763" level="INFO">Slept 5 seconds</msg>
<status status="PASS" starttime="20230922 00:11:41.763" endtime="20230922 00:11:46.763"/>
</kw>
<status status="PASS" starttime="20230922 00:11:41.233" endtime="20230922 00:11:46.763"/>
</kw>
<kw name="Clicar no botão fazer login" library="amazon_resources">
<kw name="Click Element" library="SeleniumLibrary">
<arg>locator=//input[contains(@tabindex,'3')]</arg>
<doc>Click the element identified by ``locator``.</doc>
<msg timestamp="20230922 00:11:46.763" level="INFO">Clicking element '//input[contains(@tabindex,'3')]'.</msg>
<status status="PASS" starttime="20230922 00:11:46.763" endtime="20230922 00:11:46.868"/>
</kw>
<kw name="Sleep" library="BuiltIn">
<arg>5</arg>
<doc>Pauses the test executed for the given time.</doc>
<msg timestamp="20230922 00:11:51.869" level="INFO">Slept 5 seconds</msg>
<status status="PASS" starttime="20230922 00:11:46.868" endtime="20230922 00:11:51.869"/>
</kw>
<status status="PASS" starttime="20230922 00:11:46.763" endtime="20230922 00:11:51.869"/>
</kw>
<kw name="Digitar no Campo de pesquisa &quot;Controle Sem Fio Xbox + Cabo USB&quot;" library="amazon_resources">
<kw name="Input Text" library="SeleniumLibrary">
<arg>locator=//input[contains(@type,'text')]</arg>
<arg>text=Controle Sem Fio Xbox + Cabo USB</arg>
<doc>Types the given ``text`` into the text field identified by ``locator``.</doc>
<msg timestamp="20230922 00:11:51.872" level="INFO">Typing text 'Controle Sem Fio Xbox + Cabo USB' into text field '//input[contains(@type,'text')]'.</msg>
<status status="PASS" starttime="20230922 00:11:51.871" endtime="20230922 00:11:52.182"/>
</kw>
<status status="PASS" starttime="20230922 00:11:51.870" endtime="20230922 00:11:52.182"/>
</kw>
<kw name="Clicar no botão pesquisa" library="amazon_resources">
<kw name="Click Element" library="SeleniumLibrary">
<arg>locator=//input[@value='Ir']</arg>
<doc>Click the element identified by ``locator``.</doc>
<msg timestamp="20230922 00:11:52.187" level="INFO">Clicking element '//input[@value='Ir']'.</msg>
<status status="PASS" starttime="20230922 00:11:52.185" endtime="20230922 00:11:54.301"/>
</kw>
<kw name="Sleep" library="BuiltIn">
<arg>5</arg>
<doc>Pauses the test executed for the given time.</doc>
<msg timestamp="20230922 00:11:59.302" level="INFO">Slept 5 seconds</msg>
<status status="PASS" starttime="20230922 00:11:54.301" endtime="20230922 00:11:59.302"/>
</kw>
<status status="PASS" starttime="20230922 00:11:52.184" endtime="20230922 00:11:59.303"/>
</kw>
<kw name="Clicar na imagem do produto &quot;Controle Sem Fio Xbox + Cabo USB&quot;" library="amazon_resources">
<kw name="Click Image" library="SeleniumLibrary">
<arg>locator=//img[contains(@alt,'Controle Sem Fio Xbox + Cabo USB')]</arg>
<doc>Clicks an image identified by ``locator``.</doc>
<msg timestamp="20230922 00:11:59.305" level="INFO">Clicking image '//img[contains(@alt,'Controle Sem Fio Xbox + Cabo USB')]'.</msg>
<status status="PASS" starttime="20230922 00:11:59.304" endtime="20230922 00:12:03.065"/>
</kw>
<kw name="Sleep" library="BuiltIn">
<arg>5</arg>
<doc>Pauses the test executed for the given time.</doc>
<msg timestamp="20230922 00:12:08.066" level="INFO">Slept 5 seconds</msg>
<status status="PASS" starttime="20230922 00:12:03.065" endtime="20230922 00:12:08.066"/>
</kw>
<status status="PASS" starttime="20230922 00:11:59.304" endtime="20230922 00:12:08.066"/>
</kw>
<kw name="Adicionar o produto &quot;Controle Sem Fio Xbox + Cabo USB&quot; no carrinho" library="amazon_resources">
<kw name="Click Element" library="SeleniumLibrary">
<arg>locator=//input[contains(@value,'Adicionar ao carrinho')]</arg>
<doc>Click the element identified by ``locator``.</doc>
<msg timestamp="20230922 00:12:08.069" level="INFO">Clicking element '//input[contains(@value,'Adicionar ao carrinho')]'.</msg>
<status status="PASS" starttime="20230922 00:12:08.068" endtime="20230922 00:12:09.808"/>
</kw>
<kw name="Sleep" library="BuiltIn">
<arg>5</arg>
<doc>Pauses the test executed for the given time.</doc>
<msg timestamp="20230922 00:12:14.808" level="INFO">Slept 5 seconds</msg>
<status status="PASS" starttime="20230922 00:12:09.808" endtime="20230922 00:12:14.808"/>
</kw>
<status status="PASS" starttime="20230922 00:12:08.067" endtime="20230922 00:12:14.808"/>
</kw>
<kw name="O produto &quot;Controle Sem Fio Xbox + Cabo USB&quot; deve ser mostrado no carrinho" library="amazon_resources">
<kw name="Click Element" library="SeleniumLibrary">
<arg>locator=//a[contains(@data-csa-c-type,'button')]</arg>
<doc>Click the element identified by ``locator``.</doc>
<msg timestamp="20230922 00:12:14.810" level="INFO">Clicking element '//a[contains(@data-csa-c-type,'button')]'.</msg>
<status status="PASS" starttime="20230922 00:12:14.809" endtime="20230922 00:12:15.909"/>
</kw>
<kw name="Sleep" library="BuiltIn">
<arg>5</arg>
<doc>Pauses the test executed for the given time.</doc>
<msg timestamp="20230922 00:12:20.910" level="INFO">Slept 5 seconds</msg>
<status status="PASS" starttime="20230922 00:12:15.909" endtime="20230922 00:12:20.910"/>
</kw>
<status status="PASS" starttime="20230922 00:12:14.809" endtime="20230922 00:12:20.910"/>
</kw>
<kw name="Fechar o navegador" library="amazon_resources" type="TEARDOWN">
<kw name="Capture Page Screenshot" library="SeleniumLibrary">
<doc>Takes a screenshot of the current page and embeds it into a log file.</doc>
<msg timestamp="20230922 00:12:21.108" level="INFO" html="true">&lt;/td&gt;&lt;/tr&gt;&lt;tr&gt;&lt;td colspan="3"&gt;&lt;a href="selenium-screenshot-28.png"&gt;&lt;img src="selenium-screenshot-28.png" width="800px"&gt;&lt;/a&gt;</msg>
<status status="PASS" starttime="20230922 00:12:20.912" endtime="20230922 00:12:21.108"/>
</kw>
<kw name="Close Browser" library="SeleniumLibrary">
<doc>Closes the current browser.</doc>
<status status="PASS" starttime="20230922 00:12:21.108" endtime="20230922 00:12:23.399"/>
</kw>
<status status="PASS" starttime="20230922 00:12:20.911" endtime="20230922 00:12:23.399"/>
</kw>
<doc>Esse teste verifica a adição de um produto no carrinho de compras</doc>
<tag>adicionar_carrinho</tag>
<status status="PASS" starttime="20230922 00:11:20.592" endtime="20230922 00:12:23.399"/>
</test>
<test id="s1-t4" name="Caso de Teste 04 - Remover Produto do Carrinho" line="41">
<kw name="Abrir o navegador" library="amazon_resources" type="SETUP">
<kw name="Open Browser" library="SeleniumLibrary">
<arg>browser=chrome</arg>
<doc>Opens a new browser instance to the optional ``url``.</doc>
<msg timestamp="20230922 00:12:23.401" level="INFO">Opening browser 'chrome' to base url 'None'.</msg>
<status status="PASS" starttime="20230922 00:12:23.401" endtime="20230922 00:12:25.802"/>
</kw>
<kw name="Maximize Browser Window" library="SeleniumLibrary">
<doc>Maximizes current browser window.</doc>
<status status="PASS" starttime="20230922 00:12:25.802" endtime="20230922 00:12:25.920"/>
</kw>
<status status="PASS" starttime="20230922 00:12:23.401" endtime="20230922 00:12:25.920"/>
</kw>
<kw name="Acessar a home page do site Amazon.com.br" library="amazon_resources">
<kw name="Go To" library="SeleniumLibrary">
<arg>url=${Url}</arg>
<doc>Navigates the current browser window to the provided ``url``.</doc>
<msg timestamp="20230922 00:12:25.921" level="INFO">Opening url 'http://www.amazon.com.br'</msg>
<status status="PASS" starttime="20230922 00:12:25.921" endtime="20230922 00:12:28.918"/>
</kw>
<kw name="Wait Until Element Is Visible" library="SeleniumLibrary">
<arg>locator=${Menu_Eletronicos}</arg>
<doc>Waits until the element ``locator`` is visible.</doc>
<status status="PASS" starttime="20230922 00:12:28.918" endtime="20230922 00:12:28.981"/>
</kw>
<kw name="Sleep" library="BuiltIn">
<arg>5</arg>
<doc>Pauses the test executed for the given time.</doc>
<msg timestamp="20230922 00:12:33.982" level="INFO">Slept 5 seconds</msg>
<status status="PASS" starttime="20230922 00:12:28.982" endtime="20230922 00:12:33.982"/>
</kw>
<status status="PASS" starttime="20230922 00:12:25.921" endtime="20230922 00:12:33.983"/>
</kw>
<kw name="O Produto está no carrinho" library="amazon_resources">
<kw name="Wait Until Element Is Visible" library="SeleniumLibrary">
<arg>locator=//img[contains(@height,'180')]</arg>
<doc>Waits until the element ``locator`` is visible.</doc>
<msg timestamp="20230922 00:12:39.447" level="INFO" html="true">&lt;/td&gt;&lt;/tr&gt;&lt;tr&gt;&lt;td colspan="3"&gt;&lt;a href="selenium-screenshot-29.png"&gt;&lt;img src="selenium-screenshot-29.png" width="800px"&gt;&lt;/a&gt;</msg>
<msg timestamp="20230922 00:12:39.448" level="FAIL">Element '//img[contains(@height,'180')]' not visible after 5 seconds.</msg>
<status status="FAIL" starttime="20230922 00:12:33.985" endtime="20230922 00:12:39.454"/>
</kw>
<kw name="Sleep" library="BuiltIn">
<arg>5</arg>
<doc>Pauses the test executed for the given time.</doc>
<status status="NOT RUN" starttime="20230922 00:12:39.454" endtime="20230922 00:12:39.454"/>
</kw>
<status status="FAIL" starttime="20230922 00:12:33.984" endtime="20230922 00:12:39.454"/>
</kw>
<kw name="Remover o produto &quot;Controle Sem Fio Xbox + Cabo USB&quot; do carrinho" library="amazon_resources">
<status status="NOT RUN" starttime="20230922 00:12:39.454" endtime="20230922 00:12:39.454"/>
</kw>
<kw name="O carrinho deve ficar vazio" library="amazon_resources">
<status status="NOT RUN" starttime="20230922 00:12:39.455" endtime="20230922 00:12:39.455"/>
</kw>
<kw name="Fechar o navegador" library="amazon_resources" type="TEARDOWN">
<kw name="Capture Page Screenshot" library="SeleniumLibrary">
<doc>Takes a screenshot of the current page and embeds it into a log file.</doc>
<msg timestamp="20230922 00:12:39.859" level="INFO" html="true">&lt;/td&gt;&lt;/tr&gt;&lt;tr&gt;&lt;td colspan="3"&gt;&lt;a href="selenium-screenshot-30.png"&gt;&lt;img src="selenium-screenshot-30.png" width="800px"&gt;&lt;/a&gt;</msg>
<status status="PASS" starttime="20230922 00:12:39.455" endtime="20230922 00:12:39.859"/>
</kw>
<kw name="Close Browser" library="SeleniumLibrary">
<doc>Closes the current browser.</doc>
<status status="PASS" starttime="20230922 00:12:39.859" endtime="20230922 00:12:42.094"/>
</kw>
<status status="PASS" starttime="20230922 00:12:39.455" endtime="20230922 00:12:42.094"/>
</kw>
<doc>Esse teste verifica a remoção de um produto no carrinho de compras</doc>
<tag>remover_carrinho</tag>
<status status="FAIL" starttime="20230922 00:12:23.401" endtime="20230922 00:12:42.094">Element '//img[contains(@height,'180')]' not visible after 5 seconds.</status>
</test>
<doc>Essa suite testa o site da amazon.com.br</doc>
<status status="FAIL" starttime="20230922 00:10:20.996" endtime="20230922 00:12:42.098"/>
</suite>
<statistics>
<total>
<stat pass="3" fail="1" skip="0">All Tests</stat>
</total>
<tag>
<stat pass="1" fail="0" skip="0">adicionar_carrinho</stat>
<stat pass="1" fail="0" skip="0">busca_produtos</stat>
<stat pass="1" fail="0" skip="0">categorias</stat>
<stat pass="1" fail="0" skip="0">lista_busca</stat>
<stat pass="1" fail="0" skip="0">menus</stat>
<stat pass="0" fail="1" skip="0">remover_carrinho</stat>
</tag>
<suite>
<stat pass="3" fail="1" skip="0" id="s1" name="Amazon Testes">Amazon Testes</stat>
</suite>
</statistics>
<errors>
</errors>
</robot>
